<?xml version="1.0" encoding="UTF-8"?>
<!-- Generated by org.testng.reporters.JUnitReportReporter -->
<testsuite hostname="stansi" failures="0" tests="1" name="Final.tests.LoginTest" time="4.967" errors="0" timestamp="2023-04-05T20:41:56 EEST" skipped="0">
  <testcase classname="Final.tests.LoginTest" name="loginTest" time="4.967"/>
  <system-out/>
</testsuite> <!-- Final.tests.LoginTest -->
